2021/12/30 02:39:27 [notice] 1#1: using the "epoll" event method
2021/12/30 02:39:27 [notice] 1#1: nginx/1.21.4
2021/12/30 02:39:27 [notice] 1#1: built by gcc 10.2.1 20210110 (Debian 10.2.1-6) 
2021/12/30 02:39:27 [notice] 1#1: OS: Linux 5.10.25-linuxkit
2021/12/30 02:39:27 [notice] 1#1: getrlimit(RLIMIT_NOFILE): 1048576:1048576
2021/12/30 02:39:27 [notice] 1#1: start worker processes
2021/12/30 02:39:27 [notice] 1#1: start worker process 7
2021/12/30 02:39:27 [notice] 1#1: start worker process 8
2021/12/30 02:39:27 [notice] 1#1: start worker process 9
2021/12/30 02:39:27 [notice] 1#1: start worker process 10
2021/12/30 02:39:27 [notice] 1#1: start worker process 11
2021/12/30 02:39:27 [notice] 1#1: start worker process 12
2021/12/30 02:41:10 [notice] 1#1: signal 3 (SIGQUIT) received, shutting down
2021/12/30 02:41:10 [notice] 9#9: gracefully shutting down
2021/12/30 02:41:10 [notice] 7#7: gracefully shutting down
2021/12/30 02:41:10 [notice] 7#7: exiting
2021/12/30 02:41:10 [notice] 10#10: gracefully shutting down
2021/12/30 02:41:10 [notice] 10#10: exiting
2021/12/30 02:41:10 [notice] 8#8: gracefully shutting down
2021/12/30 02:41:10 [notice] 11#11: gracefully shutting down
2021/12/30 02:41:10 [notice] 11#11: exiting
2021/12/30 02:41:10 [notice] 12#12: gracefully shutting down
2021/12/30 02:41:10 [notice] 12#12: exiting
2021/12/30 02:41:10 [notice] 9#9: exiting
2021/12/30 02:41:10 [notice] 7#7: exit
2021/12/30 02:41:10 [notice] 10#10: exit
2021/12/30 02:41:10 [notice] 8#8: exiting
2021/12/30 02:41:10 [notice] 11#11: exit
2021/12/30 02:41:10 [notice] 12#12: exit
2021/12/30 02:41:10 [notice] 9#9: exit
2021/12/30 02:41:10 [notice] 8#8: exit
2021/12/30 02:41:10 [notice] 1#1: signal 17 (SIGCHLD) received from 10
2021/12/30 02:41:10 [notice] 1#1: worker process 10 exited with code 0
2021/12/30 02:41:10 [notice] 1#1: signal 17 (SIGCHLD) received from 12
2021/12/30 02:41:10 [notice] 1#1: worker process 7 exited with code 0
2021/12/30 02:41:10 [notice] 1#1: worker process 8 exited with code 0
2021/12/30 02:41:10 [notice] 1#1: worker process 12 exited with code 0
2021/12/30 02:41:10 [notice] 1#1: signal 17 (SIGCHLD) received from 8
2021/12/30 02:41:10 [notice] 1#1: signal 29 (SIGIO) received
2021/12/30 02:41:10 [notice] 1#1: signal 29 (SIGIO) received
2021/12/30 02:41:10 [notice] 1#1: signal 17 (SIGCHLD) received from 9
2021/12/30 02:41:10 [notice] 1#1: worker process 9 exited with code 0
2021/12/30 02:41:10 [notice] 1#1: worker process 11 exited with code 0
2021/12/30 02:41:10 [notice] 1#1: exit
2021/12/30 02:41:30 [emerg] 1#1: unknown directive "//" in /etc/nginx/conf.d/default.conf:3
2021/12/30 02:41:34 [emerg] 1#1: unknown directive "//" in /etc/nginx/conf.d/default.conf:3
2021/12/30 02:41:38 [emerg] 1#1: unknown directive "//" in /etc/nginx/conf.d/default.conf:3
2021/12/30 02:41:43 [emerg] 1#1: unknown directive "//" in /etc/nginx/conf.d/default.conf:3
2021/12/30 02:41:47 [emerg] 1#1: unknown directive "//" in /etc/nginx/conf.d/default.conf:3
2021/12/30 02:41:52 [emerg] 1#1: unknown directive "//" in /etc/nginx/conf.d/default.conf:3
2021/12/30 02:41:58 [emerg] 1#1: unknown directive "//" in /etc/nginx/conf.d/default.conf:3
2021/12/30 02:42:08 [emerg] 1#1: unknown directive "//" in /etc/nginx/conf.d/default.conf:3
2021/12/30 02:42:23 [emerg] 1#1: unknown directive "//" in /etc/nginx/conf.d/default.conf:3
2021/12/30 02:42:52 [emerg] 1#1: unknown directive "//" in /etc/nginx/conf.d/default.conf:3
2021/12/30 02:44:16 [emerg] 1#1: unknown directive "//" in /etc/nginx/conf.d/default.conf:3
2021/12/30 02:44:20 [emerg] 1#1: unknown directive "//" in /etc/nginx/conf.d/default.conf:3
2021/12/30 02:44:24 [emerg] 1#1: unknown directive "//" in /etc/nginx/conf.d/default.conf:3
2021/12/30 02:44:28 [emerg] 1#1: unknown directive "//" in /etc/nginx/conf.d/default.conf:3
2021/12/30 02:58:01 [notice] 1#1: using the "epoll" event method
2021/12/30 02:58:01 [notice] 1#1: nginx/1.21.4
2021/12/30 02:58:01 [notice] 1#1: built by gcc 10.2.1 20210110 (Debian 10.2.1-6) 
2021/12/30 02:58:01 [notice] 1#1: OS: Linux 5.10.25-linuxkit
2021/12/30 02:58:01 [notice] 1#1: getrlimit(RLIMIT_NOFILE): 1048576:1048576
2021/12/30 02:58:01 [notice] 1#1: start worker processes
2021/12/30 02:58:01 [notice] 1#1: start worker process 7
2021/12/30 02:58:01 [notice] 1#1: start worker process 8
2021/12/30 02:58:01 [notice] 1#1: start worker process 9
2021/12/30 02:58:01 [notice] 1#1: start worker process 10
2021/12/30 02:58:01 [notice] 1#1: start worker process 11
2021/12/30 02:58:01 [notice] 1#1: start worker process 12
2021/12/30 03:04:28 [notice] 1#1: signal 3 (SIGQUIT) received, shutting down
2021/12/30 03:04:28 [notice] 7#7: gracefully shutting down
2021/12/30 03:04:28 [notice] 8#8: gracefully shutting down
2021/12/30 03:04:28 [notice] 8#8: exiting
2021/12/30 03:04:28 [notice] 12#12: gracefully shutting down
2021/12/30 03:04:28 [notice] 10#10: gracefully shutting down
2021/12/30 03:04:28 [notice] 9#9: gracefully shutting down
2021/12/30 03:04:28 [notice] 11#11: gracefully shutting down
2021/12/30 03:04:28 [notice] 7#7: exiting
2021/12/30 03:04:28 [notice] 8#8: exit
2021/12/30 03:04:28 [notice] 12#12: exiting
2021/12/30 03:04:28 [notice] 12#12: exit
2021/12/30 03:04:28 [notice] 10#10: exiting
2021/12/30 03:04:28 [notice] 9#9: exiting
2021/12/30 03:04:28 [notice] 11#11: exiting
2021/12/30 03:04:28 [notice] 11#11: exit
2021/12/30 03:04:28 [notice] 7#7: exit
2021/12/30 03:04:28 [notice] 10#10: exit
2021/12/30 03:04:28 [notice] 9#9: exit
2021/12/30 03:04:28 [notice] 1#1: signal 17 (SIGCHLD) received from 12
2021/12/30 03:04:28 [notice] 1#1: worker process 8 exited with code 0
2021/12/30 03:04:28 [notice] 1#1: worker process 12 exited with code 0
2021/12/30 03:04:28 [notice] 1#1: signal 29 (SIGIO) received
2021/12/30 03:04:28 [notice] 1#1: signal 17 (SIGCHLD) received from 11
2021/12/30 03:04:28 [notice] 1#1: worker process 7 exited with code 0
2021/12/30 03:04:28 [notice] 1#1: worker process 10 exited with code 0
2021/12/30 03:04:28 [notice] 1#1: worker process 11 exited with code 0
2021/12/30 03:04:28 [notice] 1#1: signal 29 (SIGIO) received
2021/12/30 03:04:28 [notice] 1#1: signal 17 (SIGCHLD) received from 7
2021/12/30 03:04:28 [notice] 1#1: signal 17 (SIGCHLD) received from 9
2021/12/30 03:04:28 [notice] 1#1: worker process 9 exited with code 0
2021/12/30 03:04:28 [notice] 1#1: exit
